Determining if the pthread_create exist failed with the following output:
Change Dir: /home/malcolm/turtlebot_ws/src/follow_bot/CMakeFiles/CMakeTmp

Run Build Command:/usr/bin/make "cmTryCompileExec3667320651/fast"
/usr/bin/make -f CMakeFiles/cmTryCompileExec3667320651.dir/build.make CMakeFiles/cmTryCompileExec3667320651.dir/build
make[1]: Entering directory `/home/malcolm/turtlebot_ws/src/follow_bot/CMakeFiles/CMakeTmp'
/usr/bin/cmake -E cmake_progress_report /home/malcolm/turtlebot_ws/src/follow_bot/CMakeFiles/CMakeTmp/CMakeFiles 1
Building C object CMakeFiles/cmTryCompileExec3667320651.dir/CheckSymbolExists.c.o
/usr/bin/cc    -o CMakeFiles/cmTryCompileExec3667320651.dir/CheckSymbolExists.c.o   -c /home/malcolm/turtlebot_ws/src/follow_bot/CMakeFiles/CMakeTmp/CheckSymbolExists.c
Linking C executable cmTryCompileExec3667320651
/usr/bin/cmake -E cmake_link_script CMakeFiles/cmTryCompileExec3667320651.dir/link.txt --verbose=1
/usr/bin/cc       CMakeFiles/cmTryCompileExec3667320651.dir/CheckSymbolExists.c.o  -o cmTryCompileExec3667320651 -rdynamic 
CMakeFiles/cmTryCompileExec3667320651.dir/CheckSymbolExists.c.o: In function `main':
CheckSymbolExists.c:(.text+0x16): undefined reference to `pthread_create'
collect2: error: ld returned 1 exit status
make[1]: Leaving directory `/home/malcolm/turtlebot_ws/src/follow_bot/CMakeFiles/CMakeTmp'
make[1]: *** [cmTryCompileExec3667320651] Error 1
make: *** [cmTryCompileExec3667320651/fast] Error 2

File /home/malcolm/turtlebot_ws/src/follow_bot/CMakeFiles/CMakeTmp/CheckSymbolExists.c:
/* */
#include <pthread.h>

int main(int argc, char** argv)
{
  (void)argv;
#ifndef pthread_create
  return ((int*)(&pthread_create))[argc];
#else
  (void)argc;
  return 0;
#endif
}

Determining if the function pthread_create exists in the pthreads failed with the following output:
Change Dir: /home/malcolm/turtlebot_ws/src/follow_bot/CMakeFiles/CMakeTmp

Run Build Command:/usr/bin/make "cmTryCompileExec1398559137/fast"
/usr/bin/make -f CMakeFiles/cmTryCompileExec1398559137.dir/build.make CMakeFiles/cmTryCompileExec1398559137.dir/build
make[1]: Entering directory `/home/malcolm/turtlebot_ws/src/follow_bot/CMakeFiles/CMakeTmp'
/usr/bin/cmake -E cmake_progress_report /home/malcolm/turtlebot_ws/src/follow_bot/CMakeFiles/CMakeTmp/CMakeFiles 1
Building C object CMakeFiles/cmTryCompileExec1398559137.dir/CheckFunctionExists.c.o
/usr/bin/cc   -DCHECK_FUNCTION_EXISTS=pthread_create   -o CMakeFiles/cmTryCompileExec1398559137.dir/CheckFunctionExists.c.o   -c /usr/share/cmake-2.8/Modules/CheckFunctionExists.c
Linking C executable cmTryCompileExec1398559137
/usr/bin/cmake -E cmake_link_script CMakeFiles/cmTryCompileExec1398559137.dir/link.txt --verbose=1
/usr/bin/cc   -DCHECK_FUNCTION_EXISTS=pthread_create    CMakeFiles/cmTryCompileExec1398559137.dir/CheckFunctionExists.c.o  -o cmTryCompileExec1398559137 -rdynamic -lpthreads 
/usr/bin/ld: cannot find -lpthreads
collect2: error: ld returned 1 exit status
make[1]: *** [cmTryCompileExec1398559137] Error 1
make[1]: Leaving directory `/home/malcolm/turtlebot_ws/src/follow_bot/CMakeFiles/CMakeTmp'
make: *** [cmTryCompileExec1398559137/fast] Error 2


